import { registerInstance as __stencil_registerInstance, getElement as __stencil_getElement } from "@stencil/core";
import ActiveRouter from '../../global/active-router';
// Get the URL for this route link without the root from the router
const getUrl = (url, root) => {
    // Don't allow double slashes
    if (url.charAt(0) == '/' && root.charAt(root.length - 1) == '/') {
        return root.slice(0, root.length - 1) + url;
    }
    return root + url;
};
export class Redirect {
    constructor(hostRef) {
        __stencil_registerInstance(this, hostRef);
    }
    componentWillLoad() {
        if (this.history && this.root && this.url) {
            return this.history.replace(getUrl(this.url, this.root));
        }
    }
    get el() { return __stencil_getElement(this); }
    static get cmpMeta() { return {
        "$flags$": 0,
        "$tagName$": "stencil-router-redirect",
        "$members$": {
            "history": [16],
            "root": [1],
            "url": [1]
        },
        "$listeners$": undefined,
        "$lazyBundleIds$": "-",
        "$attrsToReflect$": []
    }; }
}
ActiveRouter.injectProps(Redirect, [
    'history',
    'root'
]);
