import { registerInstance as __stencil_registerInstance, getElement as __stencil_getElement } from "@stencil/core";
import ActiveRouter from '../../global/active-router';
/**
  * Updates the document title when found.
  *
  * @name RouteTitle
  * @description
 */
export class RouteTitle {
    constructor(hostRef) {
        __stencil_registerInstance(this, hostRef);
        this.titleSuffix = '';
        this.pageTitle = '';
    }
    updateDocumentTitle() {
        const el = this.el;
        if (el.ownerDocument) {
            el.ownerDocument.title = `${this.pageTitle}${this.titleSuffix || ''}`;
        }
    }
    componentWillLoad() {
        this.updateDocumentTitle();
    }
    get el() { return __stencil_getElement(this); }
    static get watchers() { return {
        "pageTitle": ["updateDocumentTitle"]
    }; }
    static get cmpMeta() { return {
        "$flags$": 0,
        "$tagName$": "stencil-route-title",
        "$members$": {
            "titleSuffix": [1, "title-suffix"],
            "pageTitle": [1, "page-title"]
        },
        "$listeners$": undefined,
        "$lazyBundleIds$": "-",
        "$attrsToReflect$": []
    }; }
}
ActiveRouter.injectProps(RouteTitle, [
    'titleSuffix',
]);
