import { registerInstance as __stencil_registerInstance } from "@stencil/core";
import { h } from '@stencil/core';
export const AsyncContent = class {
    constructor(hostRef) {
        __stencil_registerInstance(this, hostRef);
        this.content = '';
    }
    componentWillLoad() {
        if (this.documentLocation != null) {
            return this.fetchNewContent(this.documentLocation);
        }
    }
    fetchNewContent(newDocumentLocation) {
        return fetch(newDocumentLocation)
            .then(response => response.text())
            .then(data => {
            this.content = data;
        });
    }
    render() {
        return (h("div", { innerHTML: this.content }));
    }
    static get watchers() { return {
        "documentLocation": ["fetchNewContent"]
    }; }
};
