import { registerInstance as __stencil_registerInstance, getElement as __stencil_getElement } from "@stencil/core";
export const ContextConsumer = class {
    constructor(hostRef) {
        __stencil_registerInstance(this, hostRef);
        this.context = {};
        this.renderer = () => null;
    }
    connectedCallback() {
        if (this.subscribe != null) {
            this.unsubscribe = this.subscribe(this.el, 'context');
        }
    }
    disconnectedCallback() {
        if (this.unsubscribe != null) {
            this.unsubscribe();
        }
    }
    render() {
        return this.renderer(Object.assign({}, this.context));
    }
    get el() { return __stencil_getElement(this); }
};
