import { registerInstance as __stencil_registerInstance, getElement as __stencil_getElement } from "@stencil/core";
import ActiveRouter from '../../global/active-router';
export const RouteTitle = class {
    constructor(hostRef) {
        __stencil_registerInstance(this, hostRef);
        this.titleSuffix = '';
        this.pageTitle = '';
    }
    updateDocumentTitle() {
        const el = this.el;
        if (el.ownerDocument) {
            el.ownerDocument.title = `${this.pageTitle}${this.titleSuffix || ''}`;
        }
    }
    componentWillLoad() {
        this.updateDocumentTitle();
    }
    get el() { return __stencil_getElement(this); }
    static get watchers() { return {
        "pageTitle": ["updateDocumentTitle"]
    }; }
};
ActiveRouter.injectProps(RouteTitle, [
    'titleSuffix',
]);
