header {
  color: var(--color-dark-blue);
  height: calc(5 * var(--base-spacing));
  padding: 0 var(--column-margin);
  display: -ms-flexbox;
  display: flex;
  -ms-flex-align: center;
  align-items: center;
  -ms-flex-pack: justify;
  justify-content: space-between;
  border-bottom: 1px solid var(--color-off-white);
}

header img {
  display: block;
}

.contact a {
  font-size: calc(0.75 * var(--base-font-size));
  color: var(--color-dark-blue);
  border: 1.5px solid var(--color-grey);
  border-radius: 28.5px;
  text-decoration: none;
  text-transform: uppercase;
  padding: calc(0.75 * var(--base-font-size)) calc(2 * var(--base-spacing));
  letter-spacing: 0.98px;
}

main {
  padding: 0 var(--column-margin);
  margin: 0 auto;

  width: 100%;  
  max-width: var(--max-width);
}