header {
  color: var(--color-dark-blue);
  height: calc(5 * var(--base-spacing));
  padding: 0 var(--column-margin);
  display: -ms-flexbox;
  display: flex;
  -ms-flex-align: center;
  align-items: center;
  -ms-flex-pack: justify;
  justify-content: space-between;
  border-bottom: 1px solid var(--color-off-white);
}

header img {
  display: block;
}

.contact a {
  border: 1.5px solid var(--color-grey);
  border-radius: 25%;
  text-decoration: none;
  padding: var(--base-spacing) calc(2 * var(--base-spacing));
}

main {
  padding: 0 var(--column-margin);
}