:host {
  display: -ms-flexbox;
  display: flex;
  -ms-flex-align: center;
  align-items: center;
  height: calc(100vh - calc(5 * var(--base-spacing)));
}

h1 {
  margin: 0;
  font-family: Playfair Display;
  font-style: normal;
  font-weight: bold;
  font-size: calc(3 * var(--base-font-size));
  line-height: calc(3.5 * var(--base-font-size));
  color: #333A56;
}

h5 {
  color: var(--color-light-blue);
  font-weight: var(--font-semi-bold);
  font-size: calc(0.75 * var(--base-font-size));
  line-height: var(--base-font-size);
  letter-spacing: 1.2px;
  text-transform: uppercase;
  margin: 0;
}

p {

}

a:not([class]) {
  color: var(--color-kashmir-blue);
}