/* 
  Root Variables
*/


:root {
  --base-font-size: 16px;
  --base-spacing: 16px;

  --columns: 12;
  --column-gutter: calc(1.5 * var(--base-spacing));
  --column-margin: calc(2 * var(--base-spacing));
  
  --max-width: 1400px;

  --light-blue: #B6BCD5;
  --kashmir-blue: #52658F;
  --dark-blue: #333A56;
  --grey: #787D90;
}

/*
  Global App CSS
  ----------------------
  Use this file for styles that should be applied to all components.
  For example, "font-family" within the "body" selector is a CSS property
  most apps will want applied to all components.

  Any global CSS variables should also be applied here.
*/


body {
  margin: 0px;
  padding: 0px;
  font-family: -apple-system,BlinkMacSystemFont,"Segoe UI",Helvetica,Arial,sans-serif,"Apple Color Emoji","Segoe UI Emoji","Segoe UI Symbol";
}
