/* 
  Root Variables
  ----------------------
*/


:root {
  --base-font-size: 16px;
  --base-spacing: 16px;
  --base-font-family: var(--font-open-sans);

  --color-white: #FFFFFF;
  --color-light-blue: #B6BCD5;
  --color-kashmir-blue: #52658F;
  --color-dark-blue: #333A56;
  --color-grey: #787D90;

  --columns: 12;
  --column-gutter: calc(1.5 * var(--base-spacing));
  --column-margin: calc(2 * var(--base-spacing));
  
  --font-open-sans: 'Open Sans', sans-serif;
  --font-playfair-display: 'Playfair Display', serif;

  --font-thin: 100;
  --font-light: 300;
  --font-regular: 400;
  --font-semi-bold: 500;
  --font-bold: 700;

  --max-width: 1400px;
}



/*
  Global App CSS
  ----------------------
  Use this file for styles that should be applied to all components.
  For example, "font-family" within the "body" selector is a CSS property
  most apps will want applied to all components.

  Any global CSS variables should also be applied here.
*/


body {
  margin: 0px;
  padding: 0px;

  color: var(--color-grey);

  font-family: var(--base-font-family);
  font-weight: var(--font-light);

  background: var(--color-white);
}
