System.register(['./p-68c26e7b.system.js'], function (exports) {
    'use strict';
    var registerInstance, h;
    return {
        setters: [function (module) {
                registerInstance = module.r;
                h = module.h;
            }],
        execute: function () {
            var AsyncContent = exports('stencil_async_content', /** @class */ (function () {
                function class_1(hostRef) {
                    registerInstance(this, hostRef);
                    this.content = '';
                }
                class_1.prototype.componentWillLoad = function () {
                    if (this.documentLocation != null) {
                        return this.fetchNewContent(this.documentLocation);
                    }
                };
                class_1.prototype.fetchNewContent = function (newDocumentLocation) {
                    var _this = this;
                    return fetch(newDocumentLocation)
                        .then(function (response) { return response.text(); })
                        .then(function (data) {
                        _this.content = data;
                    });
                };
                class_1.prototype.render = function () {
                    return (h("div", { innerHTML: this.content }));
                };
                Object.defineProperty(class_1, "watchers", {
                    get: function () {
                        return {
                            "documentLocation": ["fetchNewContent"]
                        };
                    },
                    enumerable: true,
                    configurable: true
                });
                return class_1;
            }()));
        }
    };
});
