System.register(['./p-68c26e7b.system.js'], function (exports) {
    'use strict';
    var registerInstance, h;
    return {
        setters: [function (module) {
                registerInstance = module.r;
                h = module.h;
            }],
        execute: function () {
            var AppHome = exports('app_home', /** @class */ (function () {
                function class_1(hostRef) {
                    registerInstance(this, hostRef);
                }
                class_1.prototype.render = function () {
                    return (h("section", null, h("div", null, h("h5", null, "Hello my name is Richard McCartney"), h("h1", null, "Frontend\u00A0developer, Web\u00A0designer"), h("p", null, "I\u2019m an passionate developer and designer currenting empowering the future of travel and aviation at ", h("a", { href: "https://ba.com" }, "British Airways"), ".")), h("div", null, h("img", { src: "/assets/code.svg", alt: "Image of a code editor", class: "hero-image" }), h("div", { class: "social" }, h("a", { href: "https://github.com/richmccartney", class: "github" }, h("img", { src: "/assets/github.svg", alt: "Github icon", width: "20" }), " Github"), h("a", { href: "https://dribbble.com/richmccartney", class: "dribbble" }, h("img", { src: "/assets/dribbble.png", alt: "Dribbble icon", width: "20" }), "Dribbble")))));
                };
                Object.defineProperty(class_1, "style", {
                    get: function () { return "STYLE_TEXT_PLACEHOLDER:app-home"; },
                    enumerable: true,
                    configurable: true
                });
                return class_1;
            }()));
        }
    };
});
